2020-03-26 10:26:21 [scrapy.utils.log] INFO: Scrapy 2.0.1 started (bot: scrapy_Learn_YHZ)
2020-03-26 10:26:21 [scrapy.utils.log] INFO: Versions: lxml 4.3.0.0, libxml2 2.9.9, cssselect 1.1.0, parsel 1.5.2, w3lib 1.21.0, Twisted 20.3.0, Python 3.7.0 (v3.7.0:1bf9cc5093, Jun 26 2018, 23:26:24) - [Clang 6.0 (clang-600.0.57)], pyOpenSSL 19.1.0 (OpenSSL 1.1.0i  14 Aug 2018), cryptography 2.4.1, Platform Darwin-19.3.0-x86_64-i386-64bit
2020-03-26 10:26:21 [scrapy.utils.log] DEBUG: Using reactor: twisted.internet.selectreactor.SelectReactor
2020-03-26 10:26:21 [scrapy.crawler] INFO: Overridden settings:
{'BOT_NAME': 'scrapy_Learn_YHZ',
 'CONCURRENT_REQUESTS_PER_DOMAIN': 16,
 'CONCURRENT_REQUESTS_PER_IP': 16,
 'LOG_FILE': 'scrapyYHZ.log',
 'NEWSPIDER_MODULE': 'scrapy_Learn_YHZ.spiders',
 'SPIDER_MODULES': ['scrapy_Learn_YHZ.spiders']}
2020-03-26 10:26:21 [scrapy.extensions.telnet] INFO: Telnet Password: 405171f4f6e34bd5
2020-03-26 10:26:22 [scrapy.middleware] INFO: Enabled extensions:
['scrapy.extensions.corestats.CoreStats',
 'scrapy.extensions.telnet.TelnetConsole',
 'scrapy.extensions.memusage.MemoryUsage',
 'scrapy.extensions.logstats.LogStats']
2020-03-26 10:26:22 [scrapy.middleware] INFO: Enabled downloader middlewares:
['scrapy.downloadermiddlewares.httpauth.HttpAuthMiddleware',
 'scrapy.downloadermiddlewares.downloadtimeout.DownloadTimeoutMiddleware',
 'scrapy.downloadermiddlewares.defaultheaders.DefaultHeadersMiddleware',
 'scrapy.downloadermiddlewares.useragent.UserAgentMiddleware',
 'scrapy.downloadermiddlewares.retry.RetryMiddleware',
 'scrapy.downloadermiddlewares.redirect.MetaRefreshMiddleware',
 'scrapy.downloadermiddlewares.httpcompression.HttpCompressionMiddleware',
 'scrapy.downloadermiddlewares.redirect.RedirectMiddleware',
 'scrapy.downloadermiddlewares.cookies.CookiesMiddleware',
 'scrapy.downloadermiddlewares.httpproxy.HttpProxyMiddleware',
 'scrapy.downloadermiddlewares.stats.DownloaderStats']
2020-03-26 10:26:22 [scrapy.middleware] INFO: Enabled spider middlewares:
['scrapy.spidermiddlewares.httperror.HttpErrorMiddleware',
 'scrapy.spidermiddlewares.offsite.OffsiteMiddleware',
 'scrapy.spidermiddlewares.referer.RefererMiddleware',
 'scrapy.spidermiddlewares.urllength.UrlLengthMiddleware',
 'scrapy.spidermiddlewares.depth.DepthMiddleware']
2020-03-26 10:26:22 [scrapy.middleware] INFO: Enabled item pipelines:
[]
2020-03-26 10:26:22 [scrapy.core.engine] INFO: Spider opened
2020-03-26 10:26:22 [scrapy.extensions.logstats] INFO: Crawled 0 pages (at 0 pages/min), scraped 0 items (at 0 items/min)
2020-03-26 10:26:22 [scrapy.extensions.telnet] INFO: Telnet console listening on 127.0.0.1:6023
2020-03-26 10:26:22 [scrapy.core.engine] DEBUG: Crawled (200) <GET http://capi.douyucdn.cn/api/v1/getVerticalRoom?limit=20&offset=0> (referer: None)
2020-03-26 10:26:22 [scrapy.core.scraper] ERROR: Spider error processing <GET http://capi.douyucdn.cn/api/v1/getVerticalRoom?limit=20&offset=0> (referer: None)
Traceback (most recent call last):
  File "/Library/Frameworks/Python.framework/Versions/3.7/lib/python3.7/site-packages/twisted/internet/defer.py", line 654, in _runCallbacks
    current.result = callback(current.result, *args, **kw)
  File "/Library/Frameworks/Python.framework/Versions/3.7/lib/python3.7/site-packages/scrapy/spiders/__init__.py", line 84, in parse
    raise NotImplementedError('{}.parse callback is not defined'.format(self.__class__.__name__))
NotImplementedError: DouyuSpider.parse callback is not defined
2020-03-26 10:26:22 [scrapy.core.engine] INFO: Closing spider (finished)
2020-03-26 10:26:22 [scrapy.statscollectors] INFO: Dumping Scrapy stats:
{'downloader/request_bytes': 256,
 'downloader/request_count': 1,
 'downloader/request_method_count/GET': 1,
 'downloader/response_bytes': 3675,
 'downloader/response_count': 1,
 'downloader/response_status_count/200': 1,
 'elapsed_time_seconds': 0.550274,
 'finish_reason': 'finished',
 'finish_time': datetime.datetime(2020, 3, 26, 2, 26, 22, 643835),
 'log_count/DEBUG': 1,
 'log_count/ERROR': 1,
 'log_count/INFO': 10,
 'memusage/max': 49963008,
 'memusage/startup': 49963008,
 'response_received_count': 1,
 'scheduler/dequeued': 1,
 'scheduler/dequeued/memory': 1,
 'scheduler/enqueued': 1,
 'scheduler/enqueued/memory': 1,
 'spider_exceptions/NotImplementedError': 1,
 'start_time': datetime.datetime(2020, 3, 26, 2, 26, 22, 93561)}
2020-03-26 10:26:22 [scrapy.core.engine] INFO: Spider closed (finished)
